<?xml version="1.0" encoding="UTF-8"?>
<testsuite xmlns:xsi="http://www.w3.org/2001/XMLSchema-instance" xsi:noNamespaceSchemaLocation="https://maven.apache.org/surefire/maven-surefire-plugin/xsd/surefire-test-report-3.0.xsd" version="3.0" name="runners.TestRunner" time="165.243" tests="12" errors="0" skipped="0" failures="0">
  <properties>
    <property name="java.specification.version" value="21"/>
    <property name="webdriver.chrome.driver" value="C:\Users\DK1146TX\.cache\selenium\chromedriver\win64\134.0.6998.165\chromedriver.exe"/>
    <property name="sun.cpu.isalist" value="amd64"/>
    <property name="sun.jnu.encoding" value="UTF-8"/>
    <property name="java.class.path" value="C:\Users\DK1146TX\Desktop\Capstone Project\OpenCartPrj\target\test-classes;C:\Users\DK1146TX\Desktop\Capstone Project\OpenCartPrj\target\classes;C:\Users\DK1146TX\.m2\repository\org\seleniumhq\selenium\selenium-java\4.12.1\selenium-java-4.12.1.jar;C:\Users\DK1146TX\.m2\repository\org\seleniumhq\selenium\selenium-api\4.12.1\selenium-api-4.12.1.jar;C:\Users\DK1146TX\.m2\repository\org\seleniumhq\selenium\selenium-chrome-driver\4.12.1\selenium-chrome-driver-4.12.1.jar;C:\Users\DK1146TX\.m2\repository\com\google\auto\service\auto-service-annotations\1.1.1\auto-service-annotations-1.1.1.jar;C:\Users\DK1146TX\.m2\repository\com\google\guava\guava\32.1.2-jre\guava-32.1.2-jre.jar;C:\Users\DK1146TX\.m2\repository\com\google\guava\failureaccess\1.0.1\failureaccess-1.0.1.jar;C:\Users\DK1146TX\.m2\repository\com\google\guava\listenablefuture\9999.0-empty-to-avoid-conflict-with-guava\listenablefuture-9999.0-empty-to-avoid-conflict-with-guava.jar;C:\Users\DK1146TX\.m2\repository\com\google\code\findbugs\jsr305\3.0.2\jsr305-3.0.2.jar;C:\Users\DK1146TX\.m2\repository\org\checkerframework\checker-qual\3.33.0\checker-qual-3.33.0.jar;C:\Users\DK1146TX\.m2\repository\com\google\errorprone\error_prone_annotations\2.18.0\error_prone_annotations-2.18.0.jar;C:\Users\DK1146TX\.m2\repository\com\google\j2objc\j2objc-annotations\2.8\j2objc-annotations-2.8.jar;C:\Users\DK1146TX\.m2\repository\org\seleniumhq\selenium\selenium-chromium-driver\4.12.1\selenium-chromium-driver-4.12.1.jar;C:\Users\DK1146TX\.m2\repository\org\seleniumhq\selenium\selenium-json\4.12.1\selenium-json-4.12.1.jar;C:\Users\DK1146TX\.m2\repository\org\seleniumhq\selenium\selenium-manager\4.12.1\selenium-manager-4.12.1.jar;C:\Users\DK1146TX\.m2\repository\org\seleniumhq\selenium\selenium-devtools-v114\4.12.1\selenium-devtools-v114-4.12.1.jar;C:\Users\DK1146TX\.m2\repository\org\seleniumhq\selenium\selenium-devtools-v115\4.12.1\selenium-devtools-v115-4.12.1.jar;C:\Users\DK1146TX\.m2\repository\org\seleniumhq\selenium\selenium-devtools-v116\4.12.1\selenium-devtools-v116-4.12.1.jar;C:\Users\DK1146TX\.m2\repository\org\seleniumhq\selenium\selenium-devtools-v85\4.12.1\selenium-devtools-v85-4.12.1.jar;C:\Users\DK1146TX\.m2\repository\org\seleniumhq\selenium\selenium-edge-driver\4.12.1\selenium-edge-driver-4.12.1.jar;C:\Users\DK1146TX\.m2\repository\org\seleniumhq\selenium\selenium-firefox-driver\4.12.1\selenium-firefox-driver-4.12.1.jar;C:\Users\DK1146TX\.m2\repository\org\seleniumhq\selenium\selenium-http\4.12.1\selenium-http-4.12.1.jar;C:\Users\DK1146TX\.m2\repository\dev\failsafe\failsafe\3.3.2\failsafe-3.3.2.jar;C:\Users\DK1146TX\.m2\repository\org\seleniumhq\selenium\selenium-ie-driver\4.12.1\selenium-ie-driver-4.12.1.jar;C:\Users\DK1146TX\.m2\repository\org\seleniumhq\selenium\selenium-remote-driver\4.12.1\selenium-remote-driver-4.12.1.jar;C:\Users\DK1146TX\.m2\repository\io\netty\netty-buffer\4.1.96.Final\netty-buffer-4.1.96.Final.jar;C:\Users\DK1146TX\.m2\repository\io\netty\netty-codec-http\4.1.96.Final\netty-codec-http-4.1.96.Final.jar;C:\Users\DK1146TX\.m2\repository\io\netty\netty-codec\4.1.96.Final\netty-codec-4.1.96.Final.jar;C:\Users\DK1146TX\.m2\repository\io\netty\netty-handler\4.1.96.Final\netty-handler-4.1.96.Final.jar;C:\Users\DK1146TX\.m2\repository\io\netty\netty-common\4.1.96.Final\netty-common-4.1.96.Final.jar;C:\Users\DK1146TX\.m2\repository\io\netty\netty-transport-classes-epoll\4.1.96.Final\netty-transport-classes-epoll-4.1.96.Final.jar;C:\Users\DK1146TX\.m2\repository\io\netty\netty-transport-classes-kqueue\4.1.96.Final\netty-transport-classes-kqueue-4.1.96.Final.jar;C:\Users\DK1146TX\.m2\repository\io\netty\netty-transport-native-epoll\4.1.96.Final\netty-transport-native-epoll-4.1.96.Final.jar;C:\Users\DK1146TX\.m2\repository\io\netty\netty-transport-native-kqueue\4.1.96.Final\netty-transport-native-kqueue-4.1.96.Final.jar;C:\Users\DK1146TX\.m2\repository\io\netty\netty-transport-native-unix-common\4.1.96.Final\netty-transport-native-unix-common-4.1.96.Final.jar;C:\Users\DK1146TX\.m2\repository\io\netty\netty-transport\4.1.96.Final\netty-transport-4.1.96.Final.jar;C:\Users\DK1146TX\.m2\repository\io\netty\netty-resolver\4.1.96.Final\netty-resolver-4.1.96.Final.jar;C:\Users\DK1146TX\.m2\repository\io\opentelemetry\opentelemetry-api\1.28.0\opentelemetry-api-1.28.0.jar;C:\Users\DK1146TX\.m2\repository\io\opentelemetry\opentelemetry-context\1.28.0\opentelemetry-context-1.28.0.jar;C:\Users\DK1146TX\.m2\repository\io\opentelemetry\opentelemetry-exporter-logging\1.28.0\opentelemetry-exporter-logging-1.28.0.jar;C:\Users\DK1146TX\.m2\repository\io\opentelemetry\opentelemetry-sdk-metrics\1.28.0\opentelemetry-sdk-metrics-1.28.0.jar;C:\Users\DK1146TX\.m2\repository\io\opentelemetry\opentelemetry-extension-incubator\1.28.0-alpha\opentelemetry-extension-incubator-1.28.0-alpha.jar;C:\Users\DK1146TX\.m2\repository\io\opentelemetry\opentelemetry-sdk-logs\1.28.0\opentelemetry-sdk-logs-1.28.0.jar;C:\Users\DK1146TX\.m2\repository\io\opentelemetry\opentelemetry-sdk-common\1.28.0\opentelemetry-sdk-common-1.28.0.jar;C:\Users\DK1146TX\.m2\repository\io\opentelemetry\opentelemetry-sdk-extension-autoconfigure-spi\1.28.0\opentelemetry-sdk-extension-autoconfigure-spi-1.28.0.jar;C:\Users\DK1146TX\.m2\repository\io\opentelemetry\opentelemetry-sdk-extension-autoconfigure\1.28.0\opentelemetry-sdk-extension-autoconfigure-1.28.0.jar;C:\Users\DK1146TX\.m2\repository\io\opentelemetry\opentelemetry-api-events\1.28.0-alpha\opentelemetry-api-events-1.28.0-alpha.jar;C:\Users\DK1146TX\.m2\repository\io\opentelemetry\opentelemetry-sdk-trace\1.28.0\opentelemetry-sdk-trace-1.28.0.jar;C:\Users\DK1146TX\.m2\repository\io\opentelemetry\opentelemetry-sdk\1.28.0\opentelemetry-sdk-1.28.0.jar;C:\Users\DK1146TX\.m2\repository\io\opentelemetry\opentelemetry-semconv\1.28.0-alpha\opentelemetry-semconv-1.28.0-alpha.jar;C:\Users\DK1146TX\.m2\repository\net\bytebuddy\byte-buddy\1.14.5\byte-buddy-1.14.5.jar;C:\Users\DK1146TX\.m2\repository\org\asynchttpclient\async-http-client\2.12.3\async-http-client-2.12.3.jar;C:\Users\DK1146TX\.m2\repository\org\asynchttpclient\async-http-client-netty-utils\2.12.3\async-http-client-netty-utils-2.12.3.jar;C:\Users\DK1146TX\.m2\repository\io\netty\netty-codec-socks\4.1.60.Final\netty-codec-socks-4.1.60.Final.jar;C:\Users\DK1146TX\.m2\repository\io\netty\netty-handler-proxy\4.1.60.Final\netty-handler-proxy-4.1.60.Final.jar;C:\Users\DK1146TX\.m2\repository\io\netty\netty-transport-native-epoll\4.1.60.Final\netty-transport-native-epoll-4.1.60.Final-linux-x86_64.jar;C:\Users\DK1146TX\.m2\repository\io\netty\netty-transport-native-kqueue\4.1.60.Final\netty-transport-native-kqueue-4.1.60.Final-osx-x86_64.jar;C:\Users\DK1146TX\.m2\repository\com\typesafe\netty\netty-reactive-streams\2.0.4\netty-reactive-streams-2.0.4.jar;C:\Users\DK1146TX\.m2\repository\com\sun\activation\jakarta.activation\1.2.2\jakarta.activation-1.2.2.jar;C:\Users\DK1146TX\.m2\repository\org\seleniumhq\selenium\selenium-os\4.12.1\selenium-os-4.12.1.jar;C:\Users\DK1146TX\.m2\repository\org\apache\commons\commons-exec\1.3\commons-exec-1.3.jar;C:\Users\DK1146TX\.m2\repository\org\seleniumhq\selenium\selenium-safari-driver\4.12.1\selenium-safari-driver-4.12.1.jar;C:\Users\DK1146TX\.m2\repository\org\seleniumhq\selenium\selenium-support\4.12.1\selenium-support-4.12.1.jar;C:\Users\DK1146TX\.m2\repository\io\cucumber\cucumber-java\7.13.0\cucumber-java-7.13.0.jar;C:\Users\DK1146TX\.m2\repository\io\cucumber\cucumber-core\7.13.0\cucumber-core-7.13.0.jar;C:\Users\DK1146TX\.m2\repository\io\cucumber\cucumber-gherkin\7.13.0\cucumber-gherkin-7.13.0.jar;C:\Users\DK1146TX\.m2\repository\io\cucumber\cucumber-gherkin-messages\7.13.0\cucumber-gherkin-messages-7.13.0.jar;C:\Users\DK1146TX\.m2\repository\io\cucumber\gherkin\26.2.0\gherkin-26.2.0.jar;C:\Users\DK1146TX\.m2\repository\io\cucumber\messages\22.0.0\messages-22.0.0.jar;C:\Users\DK1146TX\.m2\repository\io\cucumber\tag-expressions\5.0.1\tag-expressions-5.0.1.jar;C:\Users\DK1146TX\.m2\repository\io\cucumber\cucumber-expressions\16.1.2\cucumber-expressions-16.1.2.jar;C:\Users\DK1146TX\.m2\repository\io\cucumber\datatable\7.13.0\datatable-7.13.0.jar;C:\Users\DK1146TX\.m2\repository\io\cucumber\cucumber-plugin\7.13.0\cucumber-plugin-7.13.0.jar;C:\Users\DK1146TX\.m2\repository\io\cucumber\docstring\7.13.0\docstring-7.13.0.jar;C:\Users\DK1146TX\.m2\repository\io\cucumber\html-formatter\20.3.1\html-formatter-20.3.1.jar;C:\Users\DK1146TX\.m2\repository\io\cucumber\junit-xml-formatter\0.2.0\junit-xml-formatter-0.2.0.jar;C:\Users\DK1146TX\.m2\repository\io\cucumber\ci-environment\9.2.0\ci-environment-9.2.0.jar;C:\Users\DK1146TX\.m2\repository\org\apiguardian\apiguardian-api\1.1.2\apiguardian-api-1.1.2.jar;C:\Users\DK1146TX\.m2\repository\io\cucumber\cucumber-testng\7.13.0\cucumber-testng-7.13.0.jar;C:\Users\DK1146TX\.m2\repository\org\testng\testng\7.8.0\testng-7.8.0.jar;C:\Users\DK1146TX\.m2\repository\org\slf4j\slf4j-api\1.7.36\slf4j-api-1.7.36.jar;C:\Users\DK1146TX\.m2\repository\com\beust\jcommander\1.82\jcommander-1.82.jar;C:\Users\DK1146TX\.m2\repository\org\webjars\jquery\3.6.1\jquery-3.6.1.jar;C:\Users\DK1146TX\.m2\repository\org\apache\poi\poi-ooxml\5.2.3\poi-ooxml-5.2.3.jar;C:\Users\DK1146TX\.m2\repository\org\apache\poi\poi-ooxml-lite\5.2.3\poi-ooxml-lite-5.2.3.jar;C:\Users\DK1146TX\.m2\repository\org\apache\xmlbeans\xmlbeans\5.1.1\xmlbeans-5.1.1.jar;C:\Users\DK1146TX\.m2\repository\org\apache\commons\commons-compress\1.21\commons-compress-1.21.jar;C:\Users\DK1146TX\.m2\repository\commons-io\commons-io\2.11.0\commons-io-2.11.0.jar;C:\Users\DK1146TX\.m2\repository\com\github\virtuald\curvesapi\1.07\curvesapi-1.07.jar;C:\Users\DK1146TX\.m2\repository\org\apache\commons\commons-collections4\4.4\commons-collections4-4.4.jar;C:\Users\DK1146TX\.m2\repository\org\apache\poi\poi\5.2.3\poi-5.2.3.jar;C:\Users\DK1146TX\.m2\repository\commons-codec\commons-codec\1.15\commons-codec-1.15.jar;C:\Users\DK1146TX\.m2\repository\org\apache\commons\commons-math3\3.6.1\commons-math3-3.6.1.jar;C:\Users\DK1146TX\.m2\repository\com\zaxxer\SparseBitSet\1.2\SparseBitSet-1.2.jar;C:\Users\DK1146TX\.m2\repository\org\slf4j\slf4j-simple\1.7.36\slf4j-simple-1.7.36.jar;C:\Users\DK1146TX\.m2\repository\org\apache\logging\log4j\log4j-core\2.20.0\log4j-core-2.20.0.jar;C:\Users\DK1146TX\.m2\repository\org\apache\logging\log4j\log4j-api\2.20.0\log4j-api-2.20.0.jar;C:\Users\DK1146TX\.m2\repository\io\github\bonigarcia\webdrivermanager\5.5.3\webdrivermanager-5.5.3.jar;C:\Users\DK1146TX\.m2\repository\com\google\code\gson\gson\2.10.1\gson-2.10.1.jar;C:\Users\DK1146TX\.m2\repository\com\github\docker-java\docker-java\3.3.3\docker-java-3.3.3.jar;C:\Users\DK1146TX\.m2\repository\com\github\docker-java\docker-java-core\3.3.3\docker-java-core-3.3.3.jar;C:\Users\DK1146TX\.m2\repository\com\github\docker-java\docker-java-api\3.3.3\docker-java-api-3.3.3.jar;C:\Users\DK1146TX\.m2\repository\com\fasterxml\jackson\core\jackson-annotations\2.10.3\jackson-annotations-2.10.3.jar;C:\Users\DK1146TX\.m2\repository\com\fasterxml\jackson\core\jackson-databind\2.10.3\jackson-databind-2.10.3.jar;C:\Users\DK1146TX\.m2\repository\com\fasterxml\jackson\core\jackson-core\2.10.3\jackson-core-2.10.3.jar;C:\Users\DK1146TX\.m2\repository\org\bouncycastle\bcpkix-jdk18on\1.75\bcpkix-jdk18on-1.75.jar;C:\Users\DK1146TX\.m2\repository\org\bouncycastle\bcprov-jdk18on\1.75\bcprov-jdk18on-1.75.jar;C:\Users\DK1146TX\.m2\repository\org\bouncycastle\bcutil-jdk18on\1.75\bcutil-jdk18on-1.75.jar;C:\Users\DK1146TX\.m2\repository\org\slf4j\jcl-over-slf4j\1.7.30\jcl-over-slf4j-1.7.30.jar;C:\Users\DK1146TX\.m2\repository\com\github\docker-java\docker-java-transport-httpclient5\3.3.3\docker-java-transport-httpclient5-3.3.3.jar;C:\Users\DK1146TX\.m2\repository\com\github\docker-java\docker-java-transport\3.3.3\docker-java-transport-3.3.3.jar;C:\Users\DK1146TX\.m2\repository\net\java\dev\jna\jna\5.12.1\jna-5.12.1.jar;C:\Users\DK1146TX\.m2\repository\org\brotli\dec\0.1.2\dec-0.1.2.jar;C:\Users\DK1146TX\.m2\repository\org\apache\commons\commons-lang3\3.13.0\commons-lang3-3.13.0.jar;C:\Users\DK1146TX\.m2\repository\org\apache\httpcomponents\client5\httpclient5\5.2.1\httpclient5-5.2.1.jar;C:\Users\DK1146TX\.m2\repository\org\apache\httpcomponents\core5\httpcore5\5.2\httpcore5-5.2.jar;C:\Users\DK1146TX\.m2\repository\org\apache\httpcomponents\core5\httpcore5-h2\5.2\httpcore5-h2-5.2.jar;C:\Users\DK1146TX\.m2\repository\com\aventstack\extentreports\5.1.1\extentreports-5.1.1.jar;C:\Users\DK1146TX\.m2\repository\io\reactivex\rxjava3\rxjava\3.1.6\rxjava-3.1.6.jar;C:\Users\DK1146TX\.m2\repository\org\reactivestreams\reactive-streams\1.0.4\reactive-streams-1.0.4.jar;C:\Users\DK1146TX\.m2\repository\org\freemarker\freemarker\2.3.32\freemarker-2.3.32.jar;C:\Users\DK1146TX\.m2\repository\org\projectlombok\lombok\1.18.26\lombok-1.18.26.jar;"/>
    <property name="java.vm.vendor" value="Oracle Corporation"/>
    <property name="sun.arch.data.model" value="64"/>
    <property name="user.variant" value=""/>
    <property name="java.vendor.url" value="https://java.oracle.com/"/>
    <property name="user.timezone" value="Asia/Calcutta"/>
    <property name="os.name" value="Windows 11"/>
    <property name="java.vm.specification.version" value="21"/>
    <property name="sun.java.launcher" value="SUN_STANDARD"/>
    <property name="user.country" value="IN"/>
    <property name="sun.boot.library.path" value="C:\Program Files\Java\jdk-21\bin"/>
    <property name="sun.java.command" value="C:\Users\DK1146TX\AppData\Local\Temp\surefire17512678258573446354\surefirebooter-20250322093904213_3.jar C:\Users\DK1146TX\AppData\Local\Temp\surefire17512678258573446354 2025-03-22T09-39-04_036-jvmRun1 surefire-20250322093904213_1tmp surefire_0-20250322093904213_2tmp"/>
    <property name="jdk.debug" value="release"/>
    <property name="surefire.test.class.path" value="C:\Users\DK1146TX\Desktop\Capstone Project\OpenCartPrj\target\test-classes;C:\Users\DK1146TX\Desktop\Capstone Project\OpenCartPrj\target\classes;C:\Users\DK1146TX\.m2\repository\org\seleniumhq\selenium\selenium-java\4.12.1\selenium-java-4.12.1.jar;C:\Users\DK1146TX\.m2\repository\org\seleniumhq\selenium\selenium-api\4.12.1\selenium-api-4.12.1.jar;C:\Users\DK1146TX\.m2\repository\org\seleniumhq\selenium\selenium-chrome-driver\4.12.1\selenium-chrome-driver-4.12.1.jar;C:\Users\DK1146TX\.m2\repository\com\google\auto\service\auto-service-annotations\1.1.1\auto-service-annotations-1.1.1.jar;C:\Users\DK1146TX\.m2\repository\com\google\guava\guava\32.1.2-jre\guava-32.1.2-jre.jar;C:\Users\DK1146TX\.m2\repository\com\google\guava\failureaccess\1.0.1\failureaccess-1.0.1.jar;C:\Users\DK1146TX\.m2\repository\com\google\guava\listenablefuture\9999.0-empty-to-avoid-conflict-with-guava\listenablefuture-9999.0-empty-to-avoid-conflict-with-guava.jar;C:\Users\DK1146TX\.m2\repository\com\google\code\findbugs\jsr305\3.0.2\jsr305-3.0.2.jar;C:\Users\DK1146TX\.m2\repository\org\checkerframework\checker-qual\3.33.0\checker-qual-3.33.0.jar;C:\Users\DK1146TX\.m2\repository\com\google\errorprone\error_prone_annotations\2.18.0\error_prone_annotations-2.18.0.jar;C:\Users\DK1146TX\.m2\repository\com\google\j2objc\j2objc-annotations\2.8\j2objc-annotations-2.8.jar;C:\Users\DK1146TX\.m2\repository\org\seleniumhq\selenium\selenium-chromium-driver\4.12.1\selenium-chromium-driver-4.12.1.jar;C:\Users\DK1146TX\.m2\repository\org\seleniumhq\selenium\selenium-json\4.12.1\selenium-json-4.12.1.jar;C:\Users\DK1146TX\.m2\repository\org\seleniumhq\selenium\selenium-manager\4.12.1\selenium-manager-4.12.1.jar;C:\Users\DK1146TX\.m2\repository\org\seleniumhq\selenium\selenium-devtools-v114\4.12.1\selenium-devtools-v114-4.12.1.jar;C:\Users\DK1146TX\.m2\repository\org\seleniumhq\selenium\selenium-devtools-v115\4.12.1\selenium-devtools-v115-4.12.1.jar;C:\Users\DK1146TX\.m2\repository\org\seleniumhq\selenium\selenium-devtools-v116\4.12.1\selenium-devtools-v116-4.12.1.jar;C:\Users\DK1146TX\.m2\repository\org\seleniumhq\selenium\selenium-devtools-v85\4.12.1\selenium-devtools-v85-4.12.1.jar;C:\Users\DK1146TX\.m2\repository\org\seleniumhq\selenium\selenium-edge-driver\4.12.1\selenium-edge-driver-4.12.1.jar;C:\Users\DK1146TX\.m2\repository\org\seleniumhq\selenium\selenium-firefox-driver\4.12.1\selenium-firefox-driver-4.12.1.jar;C:\Users\DK1146TX\.m2\repository\org\seleniumhq\selenium\selenium-http\4.12.1\selenium-http-4.12.1.jar;C:\Users\DK1146TX\.m2\repository\dev\failsafe\failsafe\3.3.2\failsafe-3.3.2.jar;C:\Users\DK1146TX\.m2\repository\org\seleniumhq\selenium\selenium-ie-driver\4.12.1\selenium-ie-driver-4.12.1.jar;C:\Users\DK1146TX\.m2\repository\org\seleniumhq\selenium\selenium-remote-driver\4.12.1\selenium-remote-driver-4.12.1.jar;C:\Users\DK1146TX\.m2\repository\io\netty\netty-buffer\4.1.96.Final\netty-buffer-4.1.96.Final.jar;C:\Users\DK1146TX\.m2\repository\io\netty\netty-codec-http\4.1.96.Final\netty-codec-http-4.1.96.Final.jar;C:\Users\DK1146TX\.m2\repository\io\netty\netty-codec\4.1.96.Final\netty-codec-4.1.96.Final.jar;C:\Users\DK1146TX\.m2\repository\io\netty\netty-handler\4.1.96.Final\netty-handler-4.1.96.Final.jar;C:\Users\DK1146TX\.m2\repository\io\netty\netty-common\4.1.96.Final\netty-common-4.1.96.Final.jar;C:\Users\DK1146TX\.m2\repository\io\netty\netty-transport-classes-epoll\4.1.96.Final\netty-transport-classes-epoll-4.1.96.Final.jar;C:\Users\DK1146TX\.m2\repository\io\netty\netty-transport-classes-kqueue\4.1.96.Final\netty-transport-classes-kqueue-4.1.96.Final.jar;C:\Users\DK1146TX\.m2\repository\io\netty\netty-transport-native-epoll\4.1.96.Final\netty-transport-native-epoll-4.1.96.Final.jar;C:\Users\DK1146TX\.m2\repository\io\netty\netty-transport-native-kqueue\4.1.96.Final\netty-transport-native-kqueue-4.1.96.Final.jar;C:\Users\DK1146TX\.m2\repository\io\netty\netty-transport-native-unix-common\4.1.96.Final\netty-transport-native-unix-common-4.1.96.Final.jar;C:\Users\DK1146TX\.m2\repository\io\netty\netty-transport\4.1.96.Final\netty-transport-4.1.96.Final.jar;C:\Users\DK1146TX\.m2\repository\io\netty\netty-resolver\4.1.96.Final\netty-resolver-4.1.96.Final.jar;C:\Users\DK1146TX\.m2\repository\io\opentelemetry\opentelemetry-api\1.28.0\opentelemetry-api-1.28.0.jar;C:\Users\DK1146TX\.m2\repository\io\opentelemetry\opentelemetry-context\1.28.0\opentelemetry-context-1.28.0.jar;C:\Users\DK1146TX\.m2\repository\io\opentelemetry\opentelemetry-exporter-logging\1.28.0\opentelemetry-exporter-logging-1.28.0.jar;C:\Users\DK1146TX\.m2\repository\io\opentelemetry\opentelemetry-sdk-metrics\1.28.0\opentelemetry-sdk-metrics-1.28.0.jar;C:\Users\DK1146TX\.m2\repository\io\opentelemetry\opentelemetry-extension-incubator\1.28.0-alpha\opentelemetry-extension-incubator-1.28.0-alpha.jar;C:\Users\DK1146TX\.m2\repository\io\opentelemetry\opentelemetry-sdk-logs\1.28.0\opentelemetry-sdk-logs-1.28.0.jar;C:\Users\DK1146TX\.m2\repository\io\opentelemetry\opentelemetry-sdk-common\1.28.0\opentelemetry-sdk-common-1.28.0.jar;C:\Users\DK1146TX\.m2\repository\io\opentelemetry\opentelemetry-sdk-extension-autoconfigure-spi\1.28.0\opentelemetry-sdk-extension-autoconfigure-spi-1.28.0.jar;C:\Users\DK1146TX\.m2\repository\io\opentelemetry\opentelemetry-sdk-extension-autoconfigure\1.28.0\opentelemetry-sdk-extension-autoconfigure-1.28.0.jar;C:\Users\DK1146TX\.m2\repository\io\opentelemetry\opentelemetry-api-events\1.28.0-alpha\opentelemetry-api-events-1.28.0-alpha.jar;C:\Users\DK1146TX\.m2\repository\io\opentelemetry\opentelemetry-sdk-trace\1.28.0\opentelemetry-sdk-trace-1.28.0.jar;C:\Users\DK1146TX\.m2\repository\io\opentelemetry\opentelemetry-sdk\1.28.0\opentelemetry-sdk-1.28.0.jar;C:\Users\DK1146TX\.m2\repository\io\opentelemetry\opentelemetry-semconv\1.28.0-alpha\opentelemetry-semconv-1.28.0-alpha.jar;C:\Users\DK1146TX\.m2\repository\net\bytebuddy\byte-buddy\1.14.5\byte-buddy-1.14.5.jar;C:\Users\DK1146TX\.m2\repository\org\asynchttpclient\async-http-client\2.12.3\async-http-client-2.12.3.jar;C:\Users\DK1146TX\.m2\repository\org\asynchttpclient\async-http-client-netty-utils\2.12.3\async-http-client-netty-utils-2.12.3.jar;C:\Users\DK1146TX\.m2\repository\io\netty\netty-codec-socks\4.1.60.Final\netty-codec-socks-4.1.60.Final.jar;C:\Users\DK1146TX\.m2\repository\io\netty\netty-handler-proxy\4.1.60.Final\netty-handler-proxy-4.1.60.Final.jar;C:\Users\DK1146TX\.m2\repository\io\netty\netty-transport-native-epoll\4.1.60.Final\netty-transport-native-epoll-4.1.60.Final-linux-x86_64.jar;C:\Users\DK1146TX\.m2\repository\io\netty\netty-transport-native-kqueue\4.1.60.Final\netty-transport-native-kqueue-4.1.60.Final-osx-x86_64.jar;C:\Users\DK1146TX\.m2\repository\com\typesafe\netty\netty-reactive-streams\2.0.4\netty-reactive-streams-2.0.4.jar;C:\Users\DK1146TX\.m2\repository\com\sun\activation\jakarta.activation\1.2.2\jakarta.activation-1.2.2.jar;C:\Users\DK1146TX\.m2\repository\org\seleniumhq\selenium\selenium-os\4.12.1\selenium-os-4.12.1.jar;C:\Users\DK1146TX\.m2\repository\org\apache\commons\commons-exec\1.3\commons-exec-1.3.jar;C:\Users\DK1146TX\.m2\repository\org\seleniumhq\selenium\selenium-safari-driver\4.12.1\selenium-safari-driver-4.12.1.jar;C:\Users\DK1146TX\.m2\repository\org\seleniumhq\selenium\selenium-support\4.12.1\selenium-support-4.12.1.jar;C:\Users\DK1146TX\.m2\repository\io\cucumber\cucumber-java\7.13.0\cucumber-java-7.13.0.jar;C:\Users\DK1146TX\.m2\repository\io\cucumber\cucumber-core\7.13.0\cucumber-core-7.13.0.jar;C:\Users\DK1146TX\.m2\repository\io\cucumber\cucumber-gherkin\7.13.0\cucumber-gherkin-7.13.0.jar;C:\Users\DK1146TX\.m2\repository\io\cucumber\cucumber-gherkin-messages\7.13.0\cucumber-gherkin-messages-7.13.0.jar;C:\Users\DK1146TX\.m2\repository\io\cucumber\gherkin\26.2.0\gherkin-26.2.0.jar;C:\Users\DK1146TX\.m2\repository\io\cucumber\messages\22.0.0\messages-22.0.0.jar;C:\Users\DK1146TX\.m2\repository\io\cucumber\tag-expressions\5.0.1\tag-expressions-5.0.1.jar;C:\Users\DK1146TX\.m2\repository\io\cucumber\cucumber-expressions\16.1.2\cucumber-expressions-16.1.2.jar;C:\Users\DK1146TX\.m2\repository\io\cucumber\datatable\7.13.0\datatable-7.13.0.jar;C:\Users\DK1146TX\.m2\repository\io\cucumber\cucumber-plugin\7.13.0\cucumber-plugin-7.13.0.jar;C:\Users\DK1146TX\.m2\repository\io\cucumber\docstring\7.13.0\docstring-7.13.0.jar;C:\Users\DK1146TX\.m2\repository\io\cucumber\html-formatter\20.3.1\html-formatter-20.3.1.jar;C:\Users\DK1146TX\.m2\repository\io\cucumber\junit-xml-formatter\0.2.0\junit-xml-formatter-0.2.0.jar;C:\Users\DK1146TX\.m2\repository\io\cucumber\ci-environment\9.2.0\ci-environment-9.2.0.jar;C:\Users\DK1146TX\.m2\repository\org\apiguardian\apiguardian-api\1.1.2\apiguardian-api-1.1.2.jar;C:\Users\DK1146TX\.m2\repository\io\cucumber\cucumber-testng\7.13.0\cucumber-testng-7.13.0.jar;C:\Users\DK1146TX\.m2\repository\org\testng\testng\7.8.0\testng-7.8.0.jar;C:\Users\DK1146TX\.m2\repository\org\slf4j\slf4j-api\1.7.36\slf4j-api-1.7.36.jar;C:\Users\DK1146TX\.m2\repository\com\beust\jcommander\1.82\jcommander-1.82.jar;C:\Users\DK1146TX\.m2\repository\org\webjars\jquery\3.6.1\jquery-3.6.1.jar;C:\Users\DK1146TX\.m2\repository\org\apache\poi\poi-ooxml\5.2.3\poi-ooxml-5.2.3.jar;C:\Users\DK1146TX\.m2\repository\org\apache\poi\poi-ooxml-lite\5.2.3\poi-ooxml-lite-5.2.3.jar;C:\Users\DK1146TX\.m2\repository\org\apache\xmlbeans\xmlbeans\5.1.1\xmlbeans-5.1.1.jar;C:\Users\DK1146TX\.m2\repository\org\apache\commons\commons-compress\1.21\commons-compress-1.21.jar;C:\Users\DK1146TX\.m2\repository\commons-io\commons-io\2.11.0\commons-io-2.11.0.jar;C:\Users\DK1146TX\.m2\repository\com\github\virtuald\curvesapi\1.07\curvesapi-1.07.jar;C:\Users\DK1146TX\.m2\repository\org\apache\commons\commons-collections4\4.4\commons-collections4-4.4.jar;C:\Users\DK1146TX\.m2\repository\org\apache\poi\poi\5.2.3\poi-5.2.3.jar;C:\Users\DK1146TX\.m2\repository\commons-codec\commons-codec\1.15\commons-codec-1.15.jar;C:\Users\DK1146TX\.m2\repository\org\apache\commons\commons-math3\3.6.1\commons-math3-3.6.1.jar;C:\Users\DK1146TX\.m2\repository\com\zaxxer\SparseBitSet\1.2\SparseBitSet-1.2.jar;C:\Users\DK1146TX\.m2\repository\org\slf4j\slf4j-simple\1.7.36\slf4j-simple-1.7.36.jar;C:\Users\DK1146TX\.m2\repository\org\apache\logging\log4j\log4j-core\2.20.0\log4j-core-2.20.0.jar;C:\Users\DK1146TX\.m2\repository\org\apache\logging\log4j\log4j-api\2.20.0\log4j-api-2.20.0.jar;C:\Users\DK1146TX\.m2\repository\io\github\bonigarcia\webdrivermanager\5.5.3\webdrivermanager-5.5.3.jar;C:\Users\DK1146TX\.m2\repository\com\google\code\gson\gson\2.10.1\gson-2.10.1.jar;C:\Users\DK1146TX\.m2\repository\com\github\docker-java\docker-java\3.3.3\docker-java-3.3.3.jar;C:\Users\DK1146TX\.m2\repository\com\github\docker-java\docker-java-core\3.3.3\docker-java-core-3.3.3.jar;C:\Users\DK1146TX\.m2\repository\com\github\docker-java\docker-java-api\3.3.3\docker-java-api-3.3.3.jar;C:\Users\DK1146TX\.m2\repository\com\fasterxml\jackson\core\jackson-annotations\2.10.3\jackson-annotations-2.10.3.jar;C:\Users\DK1146TX\.m2\repository\com\fasterxml\jackson\core\jackson-databind\2.10.3\jackson-databind-2.10.3.jar;C:\Users\DK1146TX\.m2\repository\com\fasterxml\jackson\core\jackson-core\2.10.3\jackson-core-2.10.3.jar;C:\Users\DK1146TX\.m2\repository\org\bouncycastle\bcpkix-jdk18on\1.75\bcpkix-jdk18on-1.75.jar;C:\Users\DK1146TX\.m2\repository\org\bouncycastle\bcprov-jdk18on\1.75\bcprov-jdk18on-1.75.jar;C:\Users\DK1146TX\.m2\repository\org\bouncycastle\bcutil-jdk18on\1.75\bcutil-jdk18on-1.75.jar;C:\Users\DK1146TX\.m2\repository\org\slf4j\jcl-over-slf4j\1.7.30\jcl-over-slf4j-1.7.30.jar;C:\Users\DK1146TX\.m2\repository\com\github\docker-java\docker-java-transport-httpclient5\3.3.3\docker-java-transport-httpclient5-3.3.3.jar;C:\Users\DK1146TX\.m2\repository\com\github\docker-java\docker-java-transport\3.3.3\docker-java-transport-3.3.3.jar;C:\Users\DK1146TX\.m2\repository\net\java\dev\jna\jna\5.12.1\jna-5.12.1.jar;C:\Users\DK1146TX\.m2\repository\org\brotli\dec\0.1.2\dec-0.1.2.jar;C:\Users\DK1146TX\.m2\repository\org\apache\commons\commons-lang3\3.13.0\commons-lang3-3.13.0.jar;C:\Users\DK1146TX\.m2\repository\org\apache\httpcomponents\client5\httpclient5\5.2.1\httpclient5-5.2.1.jar;C:\Users\DK1146TX\.m2\repository\org\apache\httpcomponents\core5\httpcore5\5.2\httpcore5-5.2.jar;C:\Users\DK1146TX\.m2\repository\org\apache\httpcomponents\core5\httpcore5-h2\5.2\httpcore5-h2-5.2.jar;C:\Users\DK1146TX\.m2\repository\com\aventstack\extentreports\5.1.1\extentreports-5.1.1.jar;C:\Users\DK1146TX\.m2\repository\io\reactivex\rxjava3\rxjava\3.1.6\rxjava-3.1.6.jar;C:\Users\DK1146TX\.m2\repository\org\reactivestreams\reactive-streams\1.0.4\reactive-streams-1.0.4.jar;C:\Users\DK1146TX\.m2\repository\org\freemarker\freemarker\2.3.32\freemarker-2.3.32.jar;C:\Users\DK1146TX\.m2\repository\org\projectlombok\lombok\1.18.26\lombok-1.18.26.jar;"/>
    <property name="sun.cpu.endian" value="little"/>
    <property name="user.home" value="C:\Users\DK1146TX"/>
    <property name="user.language" value="en"/>
    <property name="java.specification.vendor" value="Oracle Corporation"/>
    <property name="java.version.date" value="2025-01-21"/>
    <property name="java.home" value="C:\Program Files\Java\jdk-21"/>
    <property name="file.separator" value="\"/>
    <property name="basedir" value="C:\Users\DK1146TX\Desktop\Capstone Project\OpenCartPrj"/>
    <property name="java.vm.compressedOopsMode" value="Zero based"/>
    <property name="line.separator" value="&#10;"/>
    <property name="java.vm.specification.vendor" value="Oracle Corporation"/>
    <property name="java.specification.name" value="Java Platform API Specification"/>
    <property name="surefire.real.class.path" value="C:\Users\DK1146TX\AppData\Local\Temp\surefire17512678258573446354\surefirebooter-20250322093904213_3.jar"/>
    <property name="user.script" value=""/>
    <property name="sun.management.compiler" value="HotSpot 64-Bit Tiered Compilers"/>
    <property name="java.runtime.version" value="21.0.6+8-LTS-188"/>
    <property name="user.name" value="DK1146TX"/>
    <property name="stdout.encoding" value="UTF-8"/>
    <property name="path.separator" value=";"/>
    <property name="os.version" value="10.0"/>
    <property name="java.runtime.name" value="Java(TM) SE Runtime Environment"/>
    <property name="file.encoding" value="UTF-8"/>
    <property name="java.vm.name" value="Java HotSpot(TM) 64-Bit Server VM"/>
    <property name="localRepository" value="C:\Users\DK1146TX\.m2\repository"/>
    <property name="java.vendor.url.bug" value="https://bugreport.java.com/bugreport/"/>
    <property name="java.io.tmpdir" value="C:\Users\DK1146TX\AppData\Local\Temp\"/>
    <property name="java.version" value="21.0.6"/>
    <property name="user.dir" value="C:\Users\DK1146TX\Desktop\Capstone Project\OpenCartPrj"/>
    <property name="os.arch" value="amd64"/>
    <property name="java.vm.specification.name" value="Java Virtual Machine Specification"/>
    <property name="sun.os.patch.level" value=""/>
    <property name="native.encoding" value="UTF-8"/>
    <property name="java.library.path" value="C:\Program Files\Java\jdk-21\bin;C:\WINDOWS\Sun\Java\bin;C:\WINDOWS\system32;C:\WINDOWS;C:\Program Files\Common Files\Oracle\Java\javapath;C:\Users\DK1146TX\AppData\Local\Programs\Python\Python312\Scripts\;C:\Users\DK1146TX\AppData\Local\Programs\Python\Python312\;C:\Users\DK1146TX\Downloads\WINDOWS.X64_213000_db_home\bin;C:\Program Files (x86)\VMware\VMware Player\bin\;C:\Python311\Scripts\;C:\Python311\;C:\Program Files\Eclipse Adoptium\jdk-17.0.5.8-hotspot\bin;C:\windows\system32;C:\windows;C:\windows\System32\Wbem;C:\windows\System32\WindowsPowerShell\v1.0\;C:\windows\System32\OpenSSH\;C:\Program Files (x86)\NVIDIA Corporation\PhysX\Common;C:\Program Files\NVIDIA Corporation\NVIDIA NvDLISR;C:\WINDOWS\system32;C:\WINDOWS;C:\WINDOWS\System32\Wbem;C:\WINDOWS\System32\WindowsPowerShell\v1.0\;C:\WINDOWS\System32\OpenSSH\;C:\Program Files\Java\jdk-19\bin;C:\ProgramData\chocolatey\bin;C:\Program Files\HP\HP One Agent;C:\Program Files\dotnet\;C:\Program Files\nodejs\;C:\WINDOWS\system32;C:\WINDOWS;C:\WINDOWS\System32\Wbem;C:\WINDOWS\System32\WindowsPowerShell\v1.0\;C:\WINDOWS\System32\OpenSSH\;K:\Git\cmd;C:\Program Files\apache-maven-3.9.9\bin;C:\Program Files\chromedriver-win64;C:\Program Files\EdgeDriver;C:\Program Files\GeckoDriver;C:\Program Files\MySQL\MySQL Shell 8.0\bin\;C:\Users\DK1146TX\scoop\shims;C:\Users\DK1146TX\AppData\Local\Microsoft\WindowsApps;C:\MinGW\bin;C:\Users\DK1146TX\AppData\Local\Programs\Microsoft VS Code;C:\Users\DK1146TX\Downloads\java-1.8.0-openjdk-1.8.0.352-2.b08.redhat.windows.x86_64.zip\java-1.8.0-openjdk-1.8.0.352-2.b08.redhat.windows.x86_64\bin;C:\Program Files\nodejs\node_modules\npm\bin;C:\Users\DK1146TX\AppData\Roaming\npm\bin;C:\Program Files\nodejs;C:\Users\DK1146TX\AppData\Local\Programs\MiKTeX\miktex\bin\x64\;C:\xampp\php;C:\Users\DK1146TX\composer;C:\Users\DK1146TX\AppData\Roaming\Composer\vendor\bin;C:\Users\DK1146TX\anaconda3\Scripts;C:\Program Files\JetBrains\IntelliJ IDEA 2024.1.1\bin;;C:\Users\DK1146TX\AppData\Local\Programs\Microsoft VS Code\bin;C:\Program Files\JetBrains\PyCharm 2024.1.2\bin;;C:\Users\DK1146TX\.dotnet\tools;C:\Users\DK1146TX\AppData\Roaming\npm;C:\mysql-connector-j-9.2.0.jar;;."/>
    <property name="java.vm.info" value="mixed mode, sharing"/>
    <property name="stderr.encoding" value="UTF-8"/>
    <property name="java.vendor" value="Oracle Corporation"/>
    <property name="java.vm.version" value="21.0.6+8-LTS-188"/>
    <property name="sun.io.unicode.encoding" value="UnicodeLittle"/>
    <property name="java.class.version" value="65.0"/>
  </properties>
  <testcase name="runScenario[&quot;Verify homepage sections&quot;, &quot;Home Page Verification&quot;](1)" classname="runners.TestRunner" time="2.35">
    <system-out><![CDATA[
@Step1
Scenario: Verify homepage sections                 # src/test/resources/features/A-HomePage/HomePage.feature:4
  Given I open the homepage                        # stepDefinitions.HomePageSteps.i_open_the_homepage()
Top Offers Check Success: Element is visible.
  Then I should see the Top Offers section         # stepDefinitions.HomePageSteps.verify_top_offers_section()
Recommended Section Check Success: Element is visible.
  And I should see the Recommended for You section # stepDefinitions.HomePageSteps.verify_recommended_section()
Search Bar Check Success: Element is visible.
  And The search bar should be visible             # stepDefinitions.HomePageSteps.verify_search_bar()
]]></system-out>
    <system-err><![CDATA[[main] WARN org.testng.internal.Configuration - Detected a static method [runners.TestRunner.setup()]. Static configuration methods can cause  unexpected behavior.
[main] WARN org.testng.internal.Configuration - Detected a static method [runners.TestRunner.teardown()]. Static configuration methods can cause  unexpected behavior.
[main] INFO io.github.bonigarcia.wdm.WebDriverManager - Using chromedriver 134.0.6998.165 (resolved driver for Chrome 134)
[main] INFO io.github.bonigarcia.wdm.online.Downloader - Downloading https://storage.googleapis.com/chrome-for-testing-public/134.0.6998.165/win64/chromedriver-win64.zip
[main] INFO io.github.bonigarcia.wdm.online.Downloader - Extracting driver from compressed file chromedriver-win64.zip
[main] INFO io.github.bonigarcia.wdm.WebDriverManager - Exporting webdriver.chrome.driver as C:\Users\DK1146TX\.cache\selenium\chromedriver\win64\134.0.6998.165\chromedriver.exe
Mar 22, 2025 9:39:10 AM org.openqa.selenium.devtools.CdpVersionFinder findNearestMatch
WARNING: Unable to find CDP implementation matching 134
Mar 22, 2025 9:39:10 AM org.openqa.selenium.chromium.ChromiumDriver lambda$new$5
WARNING: Unable to find version of CDP to use for 134.0.6998.118. You may need to include a dependency on a specific version of the CDP using something similar to `org.seleniumhq.selenium:selenium-devtools-v86:4.12.1` where the version ("v86") matches the version of the chromium-based browser you're using and the version number of the artifact is the same as Selenium's.
]]></system-err>
  </testcase>
  <testcase name="runScenario[&quot;Register and Login with Valid Data&quot;, &quot;User Registration and Login&quot;](2)" classname="runners.TestRunner" time="40.35">
    <system-out><![CDATA[
@Step2
Scenario: Register and Login with Valid Data             # src/test/resources/features/B-UserAuthentication/userAuthentication.feature:4
  Given User is on registration page                     # stepDefinitions.UserSteps.user_is_on_registration_page()
  When User enters valid registration details from Excel # stepDefinitions.UserSteps.user_enters_valid_registration_details_from_excel()
Actual Registration Status: true
  Then Registration should be successful                 # stepDefinitions.UserSteps.registration_should_be_successful()
  Given User is on login page                            # stepDefinitions.UserSteps.user_is_on_login_page()
Login attempt successful with provided credentials.
  When User enters invalid login credentials from Excel  # stepDefinitions.UserSteps.user_enters_invalid_login_credentials_from_excel()
Login Failed: Error message is displayed.
  Then Login should fail                                 # stepDefinitions.UserSteps.login_should_fail()
]]></system-out>
  </testcase>
  <testcase name="runScenario[&quot;Login with Valid Data&quot;, &quot;User Registration and Login&quot;](3)" classname="runners.TestRunner" time="12.725">
    <system-out><![CDATA[
@Step2
Scenario: Login with Valid Data                       # src/test/resources/features/B-UserAuthentication/userAuthentication.feature:15
  Given User is on login page                         # stepDefinitions.UserSteps.user_is_on_login_page()
Login attempt successful with provided credentials.
  When User enters valid login credentials from Excel # stepDefinitions.UserSteps.user_enters_valid_login_credentials_from_excel()
Login Successful: Logout button is visible.
  Then User should be logged in successfully          # stepDefinitions.UserSteps.user_should_be_logged_in_successfully()
]]></system-out>
  </testcase>
  <testcase name="runScenario[&quot;Verify search functionality&quot;, &quot;Search Functionality&quot;](4)" classname="runners.TestRunner" time="1.931">
    <system-out><![CDATA[
@Step3
Scenario: Verify search functionality                   # src/test/resources/features/C-Search/search.feature:4
  Given I am on the homepage                            # stepDefinitions.SearchSteps.i_am_on_the_homepage()
  When I search for "MacBook"                           # stepDefinitions.SearchSteps.i_search_for(java.lang.String)
Search Result Check Success: Found expected product - MacBook
  Then I should see search results related to "MacBook" # stepDefinitions.SearchSteps.i_should_see_search_results_related_to(java.lang.String)
]]></system-out>
  </testcase>
  <testcase name="runScenario[&quot;Filter search results by category&quot;, &quot;Search Functionality&quot;](5)" classname="runners.TestRunner" time="2.059">
    <system-out><![CDATA[
@Step3
Scenario: Filter search results by category        # src/test/resources/features/C-Search/search.feature:9
  Given I am on the search page                    # stepDefinitions.SearchSteps.i_am_on_the_search_page()
  When I Search for "Phone"                        # stepDefinitions.SearchSteps.i_search_for(java.lang.String)
Category Filter Success: Selected category - Phones & PDAs
  And I filter product by category "Phones & PDAs" # stepDefinitions.SearchSteps.i_filter_product_by_category(java.lang.String)
  Then I should see only "Phones" results          # stepDefinitions.SearchSteps.i_should_see_only_results(java.lang.String)
]]></system-out>
  </testcase>
  <testcase name="runScenario[&quot;Sort search results by rating high to low&quot;, &quot;Search Functionality&quot;](6)" classname="runners.TestRunner" time="11.748">
    <system-out><![CDATA[
@Step3
Scenario: Sort search results by rating high to low               # src/test/resources/features/C-Search/search.feature:16
  Given I search for "Camera"                                     # stepDefinitions.SearchSteps.i_search_for(java.lang.String)
  When I sort results by "Rating (Highest)"                       # stepDefinitions.SearchSteps.i_sort_results_by(java.lang.String)
  Then I should see products sorted from highest to lowest rating # stepDefinitions.SearchSteps.i_should_see_products_sorted_from_highest_to_lowest_rating()
]]></system-out>
  </testcase>
  <testcase name="runScenario[&quot;Sort search results by rating low to high&quot;, &quot;Search Functionality&quot;](7)" classname="runners.TestRunner" time="10.883">
    <system-out><![CDATA[
@Step3
Scenario: Sort search results by rating low to high               # src/test/resources/features/C-Search/search.feature:21
  Given I search for "Camera"                                     # stepDefinitions.SearchSteps.i_search_for(java.lang.String)
  When I sort results by "Rating (Lowest)"                        # stepDefinitions.SearchSteps.i_sort_results_by(java.lang.String)
  Then I should see products sorted from lowest to highest rating # stepDefinitions.SearchSteps.i_should_see_products_sorted_from_lowest_to_highest_rating()
]]></system-out>
  </testcase>
  <testcase name="runScenario[&quot;Validate Product Title, Description, Price, and Images&quot;, &quot;Product Details Page Validation&quot;](8)" classname="runners.TestRunner" time="14.587">
    <system-out><![CDATA[
@Step4
Scenario: Validate Product Title, Description, Price, and Images               # src/test/resources/features/D-ProductDetails/productDetails.feature:4
  Given User is on the product details page                                    # stepDefinitions.ProductDetailsSteps.user_is_on_product_details_page()
  Then Product title, description, price, images should be displayed correctly # stepDefinitions.ProductDetailsSteps.validate_product_details()
]]></system-out>
  </testcase>
  <testcase name="runScenario[&quot;Add Product to Wishlist&quot;, &quot;Product Details Page Validation&quot;](9)" classname="runners.TestRunner" time="8.916">
    <system-out><![CDATA[
@Step4
Scenario: Add Product to Wishlist                   # src/test/resources/features/D-ProductDetails/productDetails.feature:8
  Given User is on the product details page         # stepDefinitions.ProductDetailsSteps.user_is_on_product_details_page()
  When User clicks on "Add to Wishlist"             # stepDefinitions.ProductDetailsSteps.user_clicks_on_button(java.lang.String)
  Then Wishlist success message should be displayed # stepDefinitions.ProductDetailsSteps.verify_wishlist_message()
]]></system-out>
  </testcase>
  <testcase name="runScenario[&quot;Add Product to Cart&quot;, &quot;Product Details Page Validation&quot;](10)" classname="runners.TestRunner" time="7.505">
    <system-out><![CDATA[
@Step4
Scenario: Add Product to Cart                  # src/test/resources/features/D-ProductDetails/productDetails.feature:13
  Given User is on the product details page    # stepDefinitions.ProductDetailsSteps.user_is_on_product_details_page()
  When User clicks on "Add to Cart"            # stepDefinitions.ProductDetailsSteps.user_clicks_on_button(java.lang.String)
  Then The product should be added to the cart # stepDefinitions.ProductDetailsSteps.verify_cart()
]]></system-out>
  </testcase>
  <testcase name="runScenario[&quot;Add, Update, and Remove Items in Cart&quot;, &quot;Shopping Cart Functionality&quot;](11)" classname="runners.TestRunner" time="1.871">
    <system-out><![CDATA[
Scenario: Add, Update, and Remove Items in Cart # src/test/resources/features/E-ShoppingCart/shopping_cart.feature:3
  Given User is on the home page to add items   # stepDefinitions.ShoppingCartSteps.user_is_on_the_home_page()
  When User adds a product to the cart          # stepDefinitions.ShoppingCartSteps.user_adds_a_product_to_the_cart()
  Then Product should be added to the cart      # stepDefinitions.ShoppingCartSteps.product_should_be_added_to_the_cart()
  When User updates product quantity to 3       # stepDefinitions.ShoppingCartSteps.user_updates_product_quantity_to(int)
  Then Product quantity should be updated       # stepDefinitions.ShoppingCartSteps.product_quantity_should_be_updated()
]]></system-out>
  </testcase>
  <testcase name="runScenario[&quot;Complete an order successfully&quot;, &quot;Order Placement&quot;](12)" classname="runners.TestRunner" time="43.922">
    <system-out><![CDATA[
Scenario: Complete an order successfully              # src/test/resources/features/F-OrderPlacement/OrderPlacement.feature:3
  Given User is on the home page to add items         # stepDefinitions.ShoppingCartSteps.user_is_on_the_home_page()
  When User adds a product to the cart                # stepDefinitions.ShoppingCartSteps.user_adds_a_product_to_the_cart()
  Then Product should be added to the cart            # stepDefinitions.ShoppingCartSteps.product_should_be_added_to_the_cart()
  When User updates product quantity to 3             # stepDefinitions.ShoppingCartSteps.user_updates_product_quantity_to(int)
  Then Product quantity should be updated             # stepDefinitions.ShoppingCartSteps.product_quantity_should_be_updated()
  When User enters shipping details and gets quotes   # stepDefinitions.OrderPlacementSteps.user_enters_shipping_details()
  When User proceeds to checkout                      # stepDefinitions.OrderPlacementSteps.user_proceeds_to_checkout()
  When User enters billing details                    # stepDefinitions.OrderPlacementSteps.user_enters_billing_details()
  When User selects delivery details                  # stepDefinitions.OrderPlacementSteps.user_selects_delivery_details()
  When User selects delivery method                   # stepDefinitions.OrderPlacementSteps.user_selects_delivery_method()
  When User selects payment method and confirms order # stepDefinitions.OrderPlacementSteps.user_selects_payment_method_and_confirms_order()
  Then Order should be placed successfully            # stepDefinitions.OrderPlacementSteps.order_should_be_placed_successfully()
]]></system-out>
  </testcase>
</testsuite>