<?xml version="1.0" encoding="UTF-8"?>
<!-- Generated by org.testng.reporters.JUnitReportReporter -->
<testsuite hostname="Kunal" failures="0" tests="1" name="stepDefinitions.HomePageSteps" time="2.735" errors="0" timestamp="2025-03-19T23:37:30 IST" skipped="0">
  <testcase classname="stepDefinitions.HomePageSteps" name="i_open_the_homepage" time="2.735"/>
</testsuite> <!-- stepDefinitions.HomePageSteps -->
