<?xml version="1.0" encoding="UTF-8"?>
<!-- Generated by org.testng.reporters.JUnitReportReporter -->
<testsuite hostname="Kunal" failures="0" tests="12" name="runners.TestRunner" time="158.849" errors="0" timestamp="2025-03-22T09:41:50 IST" skipped="0">
  <testcase classname="runners.TestRunner" name="runScenario" time="12.724"/>
  <testcase classname="runners.TestRunner" name="runScenario" time="2.349"/>
  <testcase classname="runners.TestRunner" name="runScenario" time="1.933"/>
  <testcase classname="runners.TestRunner" name="runScenario" time="1.872"/>
  <testcase classname="runners.TestRunner" name="runScenario" time="7.505"/>
  <testcase classname="runners.TestRunner" name="runScenario" time="43.922"/>
  <testcase classname="runners.TestRunner" name="runScenario" time="2.059"/>
  <testcase classname="runners.TestRunner" name="runScenario" time="40.351"/>
  <testcase classname="runners.TestRunner" name="runScenario" time="10.883"/>
  <testcase classname="runners.TestRunner" name="runScenario" time="11.750"/>
  <testcase classname="runners.TestRunner" name="runScenario" time="8.915"/>
  <testcase classname="runners.TestRunner" name="runScenario" time="14.586"/>
</testsuite> <!-- runners.TestRunner -->
